Starting Nmap 7.95 ( https://nmap.org ) at 2025-06-04 12:04 EDT
NSE: Loaded 157 scripts for scanning.
NSE: Script Pre-scanning.
Initiating NSE at 12:04
Completed NSE at 12:04, 0.00s elapsed
Initiating NSE at 12:04
Completed NSE at 12:04, 0.00s elapsed
Initiating NSE at 12:04
Completed NSE at 12:04, 0.00s elapsed
Initiating ARP Ping Scan at 12:04
Scanning 192.168.56.118 [1 port]
Completed ARP Ping Scan at 12:04, 0.05s elapsed (1 total hosts)
Initiating Parallel DNS resolution of 1 host. at 12:04
Completed Parallel DNS resolution of 1 host. at 12:04, 0.02s elapsed
Initiating SYN Stealth Scan at 12:04
Scanning 192.168.56.118 [1000 ports]
Discovered open port 21/tcp on 192.168.56.118
Discovered open port 80/tcp on 192.168.56.118
Completed SYN Stealth Scan at 12:04, 4.86s elapsed (1000 total ports)
Initiating Service scan at 12:04
Scanning 2 services on 192.168.56.118
Completed Service scan at 12:04, 6.03s elapsed (2 services on 1 host)
NSE: Script scanning 192.168.56.118.
Initiating NSE at 12:04
Completed NSE at 12:04, 5.03s elapsed
Initiating NSE at 12:04
Completed NSE at 12:04, 0.03s elapsed
Initiating NSE at 12:04
Completed NSE at 12:04, 0.00s elapsed
Nmap scan report for 192.168.56.118
Host is up (0.00044s latency).
Not shown: 998 filtered tcp ports (no-response)
PORT   STATE SERVICE VERSION
21/tcp open  ftp     vsftpd 3.0.3
80/tcp open  http    Apache httpd 2.4.18
|_http-title: Index of /
| http-methods: 
|_  Supported Methods: GET HEAD POST OPTIONS
|_http-server-header: Apache/2.4.18 (Ubuntu)
| http-ls: Volume /
| SIZE  TIME              FILENAME
| -     2021-06-10 18:05  site/
|_
MAC Address: 08:00:27:F9:AE:63 (PCS Systemtechnik/Oracle VirtualBox virtual NIC)
Service Info: Host: 127.0.0.1; OS: Unix

NSE: Script Post-scanning.
Initiating NSE at 12:04
Completed NSE at 12:04, 0.00s elapsed
Initiating NSE at 12:04
Completed NSE at 12:04, 0.00s elapsed
Initiating NSE at 12:04
Completed NSE at 12:04, 0.00s elapsed
Read data files from: /usr/share/nmap
Service detection performed. Please report any incorrect results at https://nmap.org/submit/ .
Nmap done: 1 IP address (1 host up) scanned in 16.49 seconds
           Raw packets sent: 2001 (88.028KB) | Rcvd: 5 (204B)
