Starting Nmap 7.95 ( https://nmap.org ) at 2025-06-03 13:40 EDT
NSE: Loaded 157 scripts for scanning.
NSE: Script Pre-scanning.
Initiating NSE at 13:40
Completed NSE at 13:40, 0.00s elapsed
Initiating NSE at 13:40
Completed NSE at 13:40, 0.00s elapsed
Initiating NSE at 13:40
Completed NSE at 13:40, 0.00s elapsed
Initiating ARP Ping Scan at 13:40
Scanning 192.168.56.101 [1 port]
Completed ARP Ping Scan at 13:40, 0.06s elapsed (1 total hosts)
Initiating Parallel DNS resolution of 1 host. at 13:40
Completed Parallel DNS resolution of 1 host. at 13:40, 0.02s elapsed
Initiating SYN Stealth Scan at 13:40
Scanning 192.168.56.101 [1000 ports]
Discovered open port 80/tcp on 192.168.56.101
Discovered open port 443/tcp on 192.168.56.101
Discovered open port 22/tcp on 192.168.56.101
Completed SYN Stealth Scan at 13:40, 5.05s elapsed (1000 total ports)
Initiating Service scan at 13:40
Scanning 3 services on 192.168.56.101
Completed Service scan at 13:40, 12.09s elapsed (3 services on 1 host)
NSE: Script scanning 192.168.56.101.
Initiating NSE at 13:40
Completed NSE at 13:40, 0.77s elapsed
Initiating NSE at 13:40
Completed NSE at 13:40, 1.18s elapsed
Initiating NSE at 13:40
Completed NSE at 13:40, 0.00s elapsed
Nmap scan report for 192.168.56.101
Host is up (0.00054s latency).
Not shown: 987 filtered tcp ports (no-response), 10 filtered tcp ports (admin-prohibited)
PORT    STATE SERVICE  VERSION
22/tcp  open  ssh      OpenSSH 8.6 (protocol 2.0)
| ssh-hostkey: 
|   256 5b:2c:3f:dc:8b:76:e9:21:7b:d0:56:24:df:be:e9:a8 (ECDSA)
|_  256 b0:3c:72:3b:72:21:26:ce:3a:84:e8:41:ec:c8:f8:41 (ED25519)
80/tcp  open  http     Apache httpd 2.4.51 ((Fedora) OpenSSL/1.1.1l mod_wsgi/4.7.1 Python/3.9)
|_http-server-header: Apache/2.4.51 (Fedora) OpenSSL/1.1.1l mod_wsgi/4.7.1 Python/3.9
|_http-title: Bad Request (400)
443/tcp open  ssl/http Apache httpd 2.4.51 ((Fedora) OpenSSL/1.1.1l mod_wsgi/4.7.1 Python/3.9)
| tls-alpn: 
|_  http/1.1
|_ssl-date: TLS randomness does not represent time
| http-methods: 
|   Supported Methods: GET POST OPTIONS HEAD TRACE
|_  Potentially risky methods: TRACE
|_http-server-header: Apache/2.4.51 (Fedora) OpenSSL/1.1.1l mod_wsgi/4.7.1 Python/3.9
|_http-title: Test Page for the HTTP Server on Fedora
| ssl-cert: Subject: commonName=earth.local/stateOrProvinceName=Space
| Subject Alternative Name: DNS:earth.local, DNS:terratest.earth.local
| Issuer: commonName=earth.local/stateOrProvinceName=Space
| Public Key type: rsa
| Public Key bits: 4096
| Signature Algorithm: sha256WithRSAEncryption
| Not valid before: 2021-10-12T23:26:31
| Not valid after:  2031-10-10T23:26:31
| MD5:   4efa:65d2:1a9e:0718:4b54:41da:3712:f187
|_SHA-1: 04db:5b29:a33f:8076:f16b:8a1b:581d:6988:db25:7651
MAC Address: 08:00:27:6F:65:80 (PCS Systemtechnik/Oracle VirtualBox virtual NIC)

NSE: Script Post-scanning.
Initiating NSE at 13:40
Completed NSE at 13:40, 0.00s elapsed
Initiating NSE at 13:40
Completed NSE at 13:40, 0.00s elapsed
Initiating NSE at 13:40
Completed NSE at 13:40, 0.00s elapsed
Read data files from: /usr/share/nmap
Service detection performed. Please report any incorrect results at https://nmap.org/submit/ .
Nmap done: 1 IP address (1 host up) scanned in 19.66 seconds
           Raw packets sent: 1989 (87.500KB) | Rcvd: 14 (880B)
