Starting Nmap 7.95 ( https://nmap.org ) at 2025-06-06 16:21 EDT
NSE: Loaded 157 scripts for scanning.
NSE: Script Pre-scanning.
Initiating NSE at 16:21
Completed NSE at 16:21, 0.00s elapsed
Initiating NSE at 16:21
Completed NSE at 16:21, 0.00s elapsed
Initiating NSE at 16:21
Completed NSE at 16:21, 0.00s elapsed
Initiating ARP Ping Scan at 16:21
Scanning 192.168.56.103 [1 port]
Completed ARP Ping Scan at 16:21, 0.06s elapsed (1 total hosts)
Initiating Parallel DNS resolution of 1 host. at 16:21
Completed Parallel DNS resolution of 1 host. at 16:21, 0.02s elapsed
Initiating SYN Stealth Scan at 16:21
Scanning 192.168.56.103 [1000 ports]
Discovered open port 445/tcp on 192.168.56.103
Discovered open port 139/tcp on 192.168.56.103
Discovered open port 80/tcp on 192.168.56.103
Discovered open port 10000/tcp on 192.168.56.103
Discovered open port 20000/tcp on 192.168.56.103
Completed SYN Stealth Scan at 16:21, 0.02s elapsed (1000 total ports)
Initiating Service scan at 16:21
Scanning 5 services on 192.168.56.103
Completed Service scan at 16:21, 11.06s elapsed (5 services on 1 host)
NSE: Script scanning 192.168.56.103.
Initiating NSE at 16:21
Completed NSE at 16:21, 30.04s elapsed
Initiating NSE at 16:21
Completed NSE at 16:21, 0.03s elapsed
Initiating NSE at 16:21
Completed NSE at 16:21, 0.00s elapsed
Nmap scan report for 192.168.56.103
Host is up (0.00016s latency).
Not shown: 995 closed tcp ports (reset)
PORT      STATE SERVICE     VERSION
80/tcp    open  http        Apache httpd 2.4.51 ((Debian))
|_http-server-header: Apache/2.4.51 (Debian)
| http-methods: 
|_  Supported Methods: GET POST OPTIONS HEAD
|_http-title: Apache2 Debian Default Page: It works
139/tcp   open  netbios-ssn Samba smbd 4
445/tcp   open  netbios-ssn Samba smbd 4
10000/tcp open  http        MiniServ 1.981 (Webmin httpd)
|_http-favicon: Unknown favicon MD5: BAB7EBA62694C8387E08F90DE10FF98D
| http-methods: 
|_  Supported Methods: GET HEAD POST OPTIONS
|_http-title: 200 &mdash; Document follows
20000/tcp open  http        MiniServ 1.830 (Webmin httpd)
|_http-title: 200 &mdash; Document follows
|_http-favicon: Unknown favicon MD5: B7E9947B8830BD717D4C299689F7B315
| http-methods: 
|_  Supported Methods: GET HEAD POST OPTIONS
|_http-server-header: MiniServ/1.830
MAC Address: 08:00:27:08:1F:ED (PCS Systemtechnik/Oracle VirtualBox virtual NIC)

Host script results:
| smb2-time: 
|   date: 2025-06-06T16:21:21
|_  start_date: N/A
|_clock-skew: -4h00m02s
| smb2-security-mode: 
|   3:1:1: 
|_    Message signing enabled but not required
| nbstat: NetBIOS name: BREAKOUT, NetBIOS user: <unknown>, NetBIOS MAC: <unknown> (unknown)
| Names:
|   BREAKOUT<00>         Flags: <unique><active>
|   BREAKOUT<03>         Flags: <unique><active>
|   BREAKOUT<20>         Flags: <unique><active>
|   \x01\x02__MSBROWSE__\x02<01>  Flags: <group><active>
|   WORKGROUP<00>        Flags: <group><active>
|   WORKGROUP<1d>        Flags: <unique><active>
|_  WORKGROUP<1e>        Flags: <group><active>

NSE: Script Post-scanning.
Initiating NSE at 16:21
Completed NSE at 16:21, 0.00s elapsed
Initiating NSE at 16:21
Completed NSE at 16:21, 0.00s elapsed
Initiating NSE at 16:21
Completed NSE at 16:21, 0.00s elapsed
Read data files from: /usr/share/nmap
Service detection performed. Please report any incorrect results at https://nmap.org/submit/ .
Nmap done: 1 IP address (1 host up) scanned in 41.61 seconds
           Raw packets sent: 1001 (44.028KB) | Rcvd: 1001 (40.048KB)
